<?xml version="1.0" encoding="UTF-8"?>
<!-- Generated by org.testng.reporters.JUnitReportReporter -->
<testsuite hostname="2016271-L" failures="0" tests="2" name="testRunner.Runner" time="60.911" errors="0" timestamp="2024-06-20T12:23:28 IST" skipped="0">
  <testcase classname="testRunner.Runner" name="runScenario" time="29.580"/>
  <testcase classname="testRunner.Runner" name="runScenario" time="31.331"/>
</testsuite> <!-- testRunner.Runner -->
